<?xml version="1.0" encoding="UTF-8"?>
<!-- Generated by org.testng.reporters.JUnitXMLReporter -->
<testsuite ignored="0" hostname="INBOOK_X1_SLIM" failures="0" tests="4" name="Test" time="64.573" errors="0" timestamp="2023-02-18T00:43:00 IST">
  <testcase classname="testScripts.Script1" name="firstTest" time="5.492"/>
  <testcase classname="testScripts.Script2" name="secondTest" time="15.569"/>
  <testcase classname="testScripts.Script3" name="thirdTest" time="26.014"/>
  <testcase classname="testScripts.Script4" name="forthTest" time="7.535"/>
</testsuite> <!-- Test -->
