<?xml version="1.0" encoding="UTF-8"?>
<testng-results ignored="0" total="1" passed="1" failed="0" skipped="0">
  <reporter-output>
  </reporter-output>
  <suite started-at="2023-07-05T22:41:09 IST" name="Default suite" finished-at="2023-07-05T22:41:31 IST" duration-ms="21887">
    <groups>
    </groups>
    <test started-at="2023-07-05T22:41:09 IST" name="Default test" finished-at="2023-07-05T22:41:31 IST" duration-ms="21887">
      <class name="testScripts.Script4">
        <test-method is-config="true" signature="classConfiguration()[pri:0, instance:testScripts.Script4@618425b5]" started-at="2023-07-05T22:41:09 IST" name="classConfiguration" finished-at="2023-07-05T22:41:10 IST" duration-ms="996" status="PASS">
          <reporter-output>
          </reporter-output>
        </test-method> <!-- classConfiguration -->
        <test-method is-config="true" signature="methodConfiguration()[pri:0, instance:testScripts.Script4@618425b5]" started-at="2023-07-05T22:41:10 IST" name="methodConfiguration" finished-at="2023-07-05T22:41:18 IST" duration-ms="8140" status="PASS">
          <reporter-output>
          </reporter-output>
        </test-method> <!-- methodConfiguration -->
        <test-method signature="forthTest()[pri:0, instance:testScripts.Script4@618425b5]" started-at="2023-07-05T22:41:18 IST" name="forthTest" finished-at="2023-07-05T22:41:31 IST" duration-ms="12283" status="PASS">
          <reporter-output>
          </reporter-output>
        </test-method> <!-- forthTest -->
        <test-method is-config="true" signature="methodTearDown()[pri:0, instance:testScripts.Script4@618425b5]" started-at="2023-07-05T22:41:31 IST" name="methodTearDown" finished-at="2023-07-05T22:41:31 IST" duration-ms="421" status="PASS">
          <reporter-output>
          </reporter-output>
        </test-method> <!-- methodTearDown -->
        <test-method is-config="true" signature="classTearDown()[pri:0, instance:testScripts.Script4@618425b5]" started-at="2023-07-05T22:41:31 IST" name="classTearDown" finished-at="2023-07-05T22:41:31 IST" duration-ms="1" status="PASS">
          <reporter-output>
          </reporter-output>
        </test-method> <!-- classTearDown -->
      </class> <!-- testScripts.Script4 -->
    </test> <!-- Default test -->
  </suite> <!-- Default suite -->
</testng-results>
