<?xml version="1.0" encoding="UTF-8"?>
<testng-results ignored="0" total="1" passed="1" failed="0" skipped="0">
  <reporter-output>
  </reporter-output>
  <suite started-at="2023-02-22T08:48:04 IST" name="Default suite" finished-at="2023-02-22T08:51:50 IST" duration-ms="225909">
    <groups>
    </groups>
    <test started-at="2023-02-22T08:48:04 IST" name="Default test" finished-at="2023-02-22T08:51:50 IST" duration-ms="225909">
      <class name="testScripts.Script3">
        <test-method is-config="true" signature="classConfiguration()[pri:0, instance:testScripts.Script3@2ed2d9cb]" started-at="2023-02-22T08:48:04 IST" name="classConfiguration" finished-at="2023-02-22T08:48:05 IST" duration-ms="944" status="PASS">
          <reporter-output>
          </reporter-output>
        </test-method> <!-- classConfiguration -->
        <test-method is-config="true" signature="methodConfiguration()[pri:0, instance:testScripts.Script3@2ed2d9cb]" started-at="2023-02-22T08:48:05 IST" name="methodConfiguration" finished-at="2023-02-22T08:48:19 IST" duration-ms="14328" status="PASS">
          <reporter-output>
          </reporter-output>
        </test-method> <!-- methodConfiguration -->
        <test-method signature="thirdTest()[pri:0, instance:testScripts.Script3@2ed2d9cb]" started-at="2023-02-22T08:48:19 IST" name="thirdTest" finished-at="2023-02-22T08:51:49 IST" duration-ms="210264" status="PASS">
          <reporter-output>
          </reporter-output>
        </test-method> <!-- thirdTest -->
        <test-method is-config="true" signature="methodTearDown()[pri:0, instance:testScripts.Script3@2ed2d9cb]" started-at="2023-02-22T08:51:49 IST" name="methodTearDown" finished-at="2023-02-22T08:51:50 IST" duration-ms="311" status="PASS">
          <reporter-output>
          </reporter-output>
        </test-method> <!-- methodTearDown -->
        <test-method is-config="true" signature="classTearDown()[pri:0, instance:testScripts.Script3@2ed2d9cb]" started-at="2023-02-22T08:51:50 IST" name="classTearDown" finished-at="2023-02-22T08:51:50 IST" duration-ms="0" status="PASS">
          <reporter-output>
          </reporter-output>
        </test-method> <!-- classTearDown -->
      </class> <!-- testScripts.Script3 -->
    </test> <!-- Default test -->
  </suite> <!-- Default suite -->
</testng-results>
